# JRE version: OpenJDK Runtime Environment Temurin-17.0.14+7 (17.0.14+7) (build 17.0.14+7)
# Java VM: OpenJDK 64-Bit Server VM Temurin-17.0.14+7 (17.0.14+7, mixed mode, emulated-client, sharing, tiered, compressed oops, compressed class ptrs, g1 gc, windows-amd64)
GC Precious Log:
 CPUs: 8 total, 8 available
 Memory: 20293M
 Large Page Support: Disabled
 NUMA Support: Disabled
 Compressed Oops: Enabled (Zero based)
 Heap Region Size: 4M
 Heap Min Capacity: 8M
 Heap Initial Capacity: 320M
 Heap Max Capacity: 5076M
 Pre-touch: Disabled
 Parallel Workers: 8
 Concurrent Workers: 2
 Concurrent Refinement Workers: 8
 Periodic GC: Disabled
Heap:
 garbage-first heap   total 69632K, used 24323K [0x00000006c2c00000, 0x0000000800000000)
  region size 4096K, 1 young (4096K), 1 survivors (4096K)
 Metaspace       used 32594K, committed 33024K, reserved 1114112K
  class space    used 4546K, committed 4736K, reserved 1048576K
GC Heap History (15 events):
Event: 1.244 GC heap before
{Heap before GC invocations=0 (full 0):
 garbage-first heap   total 327680K, used 20480K [0x00000006c2c00000, 0x0000000800000000)
  region size 4096K, 5 young (20480K), 0 survivors (0K)
 Metaspace       used 6082K, committed 6208K, reserved 1114112K
  class space    used 726K, committed 768K, reserved 1048576K
}
Event: 1.250 GC heap after
{Heap after GC invocations=1 (full 0):
 garbage-first heap   total 327680K, used 7756K [0x00000006c2c00000, 0x0000000800000000)
  region size 4096K, 1 young (4096K), 1 survivors (4096K)
 Metaspace       used 6082K, committed 6208K, reserved 1114112K
  class space    used 726K, committed 768K, reserved 1048576K
}
Event: 1.543 GC heap before
{Heap before GC invocations=1 (full 0):
 garbage-first heap   total 327680K, used 20044K [0x00000006c2c00000, 0x0000000800000000)
  region size 4096K, 4 young (16384K), 1 survivors (4096K)
 Metaspace       used 8920K, committed 9088K, reserved 1114112K
  class space    used 1145K, committed 1216K, reserved 1048576K
}
Event: 1.547 GC heap after
{Heap after GC invocations=2 (full 0):
 garbage-first heap   total 327680K, used 9118K [0x00000006c2c00000, 0x0000000800000000)
  region size 4096K, 1 young (4096K), 1 survivors (4096K)
 Metaspace       used 8920K, committed 9088K, reserved 1114112K
  class space    used 1145K, committed 1216K, reserved 1048576K
}
Event: 2.879 GC heap before
{Heap before GC invocations=2 (full 0):
 garbage-first heap   total 327680K, used 50078K [0x00000006c2c00000, 0x0000000800000000)
  region size 4096K, 12 young (49152K), 1 survivors (4096K)
 Metaspace       used 17188K, committed 17536K, reserved 1114112K
  class space    used 2233K, committed 2432K, reserved 1048576K
}
Event: 2.884 GC heap after
{Heap after GC invocations=3 (full 0):
 garbage-first heap   total 327680K, used 12169K [0x00000006c2c00000, 0x0000000800000000)
  region size 4096K, 2 young (8192K), 2 survivors (8192K)
 Metaspace       used 17188K, committed 17536K, reserved 1114112K
  class space    used 2233K, committed 2432K, reserved 1048576K
}
Event: 4.140 GC heap before
{Heap before GC invocations=3 (full 0):
 garbage-first heap   total 327680K, used 69513K [0x00000006c2c00000, 0x0000000800000000)
  region size 4096K, 17 young (69632K), 2 survivors (8192K)
 Metaspace       used 21104K, committed 21504K, reserved 1114112K
  class space    used 2856K, committed 3072K, reserved 1048576K
}
Event: 4.150 GC heap after
{Heap after GC invocations=4 (full 0):
 garbage-first heap   total 327680K, used 15498K [0x00000006c2c00000, 0x0000000800000000)
  region size 4096K, 2 young (8192K), 2 survivors (8192K)
 Metaspace       used 21104K, committed 21504K, reserved 1114112K
  class space    used 2856K, committed 3072K, reserved 1048576K
}
Event: 5.407 GC heap before
{Heap before GC invocations=5 (full 0):
 garbage-first heap   total 69632K, used 48266K [0x00000006c2c00000, 0x0000000800000000)
  region size 4096K, 11 young (45056K), 2 survivors (8192K)
 Metaspace       used 25738K, committed 26176K, reserved 1114112K
  class space    used 3513K, committed 3712K, reserved 1048576K
}
Event: 5.421 GC heap after
{Heap after GC invocations=6 (full 0):
 garbage-first heap   total 69632K, used 17988K [0x00000006c2c00000, 0x0000000800000000)
  region size 4096K, 3 young (12288K), 3 survivors (12288K)
 Metaspace       used 25738K, committed 26176K, reserved 1114112K
  class space    used 3513K, committed 3712K, reserved 1048576K
}
Event: 5.773 GC heap before
{Heap before GC invocations=6 (full 0):
 garbage-first heap   total 69632K, used 42564K [0x00000006c2c00000, 0x0000000800000000)
  region size 4096K, 9 young (36864K), 3 survivors (12288K)
 Metaspace       used 26200K, committed 26688K, reserved 1114112K
  class space    used 3596K, committed 3840K, reserved 1048576K
}
Event: 5.789 GC heap after
{Heap after GC invocations=7 (full 0):
 garbage-first heap   total 69632K, used 19635K [0x00000006c2c00000, 0x0000000800000000)
  region size 4096K, 2 young (8192K), 2 survivors (8192K)
 Metaspace       used 26200K, committed 26688K, reserved 1114112K
  class space    used 3596K, committed 3840K, reserved 1048576K
}
Event: 6.400 GC heap before
{Heap before GC invocations=7 (full 0):
 garbage-first heap   total 69632K, used 44211K [0x00000006c2c00000, 0x0000000800000000)
  region size 4096K, 8 young (32768K), 2 survivors (8192K)
 Metaspace       used 29969K, committed 30400K, reserved 1114112K
  class space    used 4148K, committed 4352K, reserved 1048576K
}
Event: 6.413 GC heap after
{Heap after GC invocations=8 (full 0):
 garbage-first heap   total 69632K, used 21221K [0x00000006c2c00000, 0x0000000800000000)
  region size 4096K, 1 young (4096K), 1 survivors (4096K)
 Metaspace       used 29969K, committed 30400K, reserved 1114112K
  class space    used 4148K, committed 4352K, reserved 1048576K
}
Event: 7.017 GC heap before
{Heap before GC invocations=8 (full 0):
 garbage-first heap   total 69632K, used 45797K [0x00000006c2c00000, 0x0000000800000000)
  region size 4096K, 7 young (28672K), 1 survivors (4096K)
 Metaspace       used 32594K, committed 33024K, reserved 1114112K
  class space    used 4546K, committed 4736K, reserved 1048576K
}

